Sat Nov 12 19:00:06 IST 2016 Thread[JavaFX Application Thread,5,main] Ignored duplicate property derby.module.replication.master in jar:file:/home/villan/libs/derby.jar!/org/apache/derby/modules.properties
Sat Nov 12 19:00:06 IST 2016 Thread[JavaFX Application Thread,5,main] Ignored duplicate property derby.module.resultSetStatisticsFactory in jar:file:/home/villan/libs/derby.jar!/org/apache/derby/modules.properties
Sat Nov 12 19:00:06 IST 2016 Thread[JavaFX Application Thread,5,main] Ignored duplicate property derby.module.NoneAuthentication in jar:file:/home/villan/libs/derby.jar!/org/apache/derby/modules.properties
Sat Nov 12 19:00:06 IST 2016 Thread[JavaFX Application Thread,5,main] Ignored duplicate property derby.module.lockManagerJ6 in jar:file:/home/villan/libs/derby.jar!/org/apache/derby/modules.properties
Sat Nov 12 19:00:06 IST 2016 Thread[JavaFX Application Thread,5,main] Ignored duplicate property derby.module.rawStore.log.readonly in jar:file:/home/villan/libs/derby.jar!/org/apache/derby/modules.properties
Sat Nov 12 19:00:06 IST 2016 Thread[JavaFX Application Thread,5,main] Ignored duplicate property derby.module.jdbcJ8 in jar:file:/home/villan/libs/derby.jar!/org/apache/derby/modules.properties
Sat Nov 12 19:00:06 IST 2016 Thread[JavaFX Application Thread,5,main] Ignored duplicate property derby.module.resourceAdapterJ2 in jar:file:/home/villan/libs/derby.jar!/org/apache/derby/modules.properties
Sat Nov 12 19:00:06 IST 2016 Thread[JavaFX Application Thread,5,main] Ignored duplicate property derby.module.validation in jar:file:/home/villan/libs/derby.jar!/org/apache/derby/modules.properties
Sat Nov 12 19:00:06 IST 2016 Thread[JavaFX Application Thread,5,main] Ignored duplicate property derby.module.jdbcJ6 in jar:file:/home/villan/libs/derby.jar!/org/apache/derby/modules.properties
Sat Nov 12 19:00:06 IST 2016 Thread[JavaFX Application Thread,5,main] Ignored duplicate property derby.module.lcf in jar:file:/home/villan/libs/derby.jar!/org/apache/derby/modules.properties
Sat Nov 12 19:00:06 IST 2016 Thread[JavaFX Application Thread,5,main] Ignored duplicate property derby.module.optimizer in jar:file:/home/villan/libs/derby.jar!/org/apache/derby/modules.properties
Sat Nov 12 19:00:06 IST 2016 Thread[JavaFX Application Thread,5,main] Ignored duplicate property derby.module.XPLAINFactory in jar:file:/home/villan/libs/derby.jar!/org/apache/derby/modules.properties
Sat Nov 12 19:00:06 IST 2016 Thread[JavaFX Application Thread,5,main] Ignored duplicate property derby.module.javaCompiler in jar:file:/home/villan/libs/derby.jar!/org/apache/derby/modules.properties
Sat Nov 12 19:00:06 IST 2016 Thread[JavaFX Application Thread,5,main] Ignored duplicate property derby.module.tcf in jar:file:/home/villan/libs/derby.jar!/org/apache/derby/modules.properties
Sat Nov 12 19:00:06 IST 2016 Thread[JavaFX Application Thread,5,main] Ignored duplicate property derby.module.dataDictionary in jar:file:/home/villan/libs/derby.jar!/org/apache/derby/modules.properties
Sat Nov 12 19:00:06 IST 2016 Thread[JavaFX Application Thread,5,main] Ignored duplicate property derby.env.jdk.cacheManagerJ6 in jar:file:/home/villan/libs/derby.jar!/org/apache/derby/modules.properties
Sat Nov 12 19:00:06 IST 2016 Thread[JavaFX Application Thread,5,main] Ignored duplicate property derby.module.ef in jar:file:/home/villan/libs/derby.jar!/org/apache/derby/modules.properties
Sat Nov 12 19:00:06 IST 2016 Thread[JavaFX Application Thread,5,main] Ignored duplicate property derby.module.dvfJ2 in jar:file:/home/villan/libs/derby.jar!/org/apache/derby/modules.properties
Sat Nov 12 19:00:06 IST 2016 Thread[JavaFX Application Thread,5,main] Ignored duplicate property derby.env.jdk.dvfJ2 in jar:file:/home/villan/libs/derby.jar!/org/apache/derby/modules.properties
Sat Nov 12 19:00:06 IST 2016 Thread[JavaFX Application Thread,5,main] Ignored duplicate property derby.module.daemon in jar:file:/home/villan/libs/derby.jar!/org/apache/derby/modules.properties
Sat Nov 12 19:00:06 IST 2016 Thread[JavaFX Application Thread,5,main] Ignored duplicate property derby.module.cacheManagerJ6 in jar:file:/home/villan/libs/derby.jar!/org/apache/derby/modules.properties
Sat Nov 12 19:00:06 IST 2016 Thread[JavaFX Application Thread,5,main] Ignored duplicate property derby.module.rawStore.data.genericJ4 in jar:file:/home/villan/libs/derby.jar!/org/apache/derby/modules.properties
Sat Nov 12 19:00:06 IST 2016 Thread[JavaFX Application Thread,5,main] Ignored duplicate property derby.module.timerJ1 in jar:file:/home/villan/libs/derby.jar!/org/apache/derby/modules.properties
Sat Nov 12 19:00:06 IST 2016 Thread[JavaFX Application Thread,5,main] Ignored duplicate property derby.env.jdk.rawStore.data.genericJ4 in jar:file:/home/villan/libs/derby.jar!/org/apache/derby/modules.properties
Sat Nov 12 19:00:06 IST 2016 Thread[JavaFX Application Thread,5,main] Ignored duplicate property derby.module.rawStore.data.genericJ1 in jar:file:/home/villan/libs/derby.jar!/org/apache/derby/modules.properties
Sat Nov 12 19:00:06 IST 2016 Thread[JavaFX Application Thread,5,main] Ignored duplicate property derby.module.basicAuthentication in jar:file:/home/villan/libs/derby.jar!/org/apache/derby/modules.properties
Sat Nov 12 19:00:06 IST 2016 Thread[JavaFX Application Thread,5,main] Ignored duplicate property derby.env.jdk.rawStore.data.genericJ1 in jar:file:/home/villan/libs/derby.jar!/org/apache/derby/modules.properties
Sat Nov 12 19:00:06 IST 2016 Thread[JavaFX Application Thread,5,main] Ignored duplicate property derby.env.classes.JNDIAuthentication in jar:file:/home/villan/libs/derby.jar!/org/apache/derby/modules.properties
Sat Nov 12 19:00:06 IST 2016 Thread[JavaFX Application Thread,5,main] Ignored duplicate property derby.module.database in jar:file:/home/villan/libs/derby.jar!/org/apache/derby/modules.properties
Sat Nov 12 19:00:06 IST 2016 Thread[JavaFX Application Thread,5,main] Ignored duplicate property derby.module.rawStore.transaction in jar:file:/home/villan/libs/derby.jar!/org/apache/derby/modules.properties
Sat Nov 12 19:00:06 IST 2016 Thread[JavaFX Application Thread,5,main] Ignored duplicate property derby.module.streams in jar:file:/home/villan/libs/derby.jar!/org/apache/derby/modules.properties
Sat Nov 12 19:00:06 IST 2016 Thread[JavaFX Application Thread,5,main] Ignored duplicate property derby.env.classes.dvfJ2 in jar:file:/home/villan/libs/derby.jar!/org/apache/derby/modules.properties
Sat Nov 12 19:00:06 IST 2016 Thread[JavaFX Application Thread,5,main] Ignored duplicate property derby.env.jdk.mgmt.jmx in jar:file:/home/villan/libs/derby.jar!/org/apache/derby/modules.properties
Sat Nov 12 19:00:06 IST 2016 Thread[JavaFX Application Thread,5,main] Ignored duplicate property derby.module.nativeAuthentication in jar:file:/home/villan/libs/derby.jar!/org/apache/derby/modules.properties
Sat Nov 12 19:00:06 IST 2016 Thread[JavaFX Application Thread,5,main] Ignored duplicate property derby.env.jdk.cryptographyJ2 in jar:file:/home/villan/libs/derby.jar!/org/apache/derby/modules.properties
Sat Nov 12 19:00:06 IST 2016 Thread[JavaFX Application Thread,5,main] Ignored duplicate property derby.module.access.sort in jar:file:/home/villan/libs/derby.jar!/org/apache/derby/modules.properties
Sat Nov 12 19:00:06 IST 2016 Thread[JavaFX Application Thread,5,main] Ignored duplicate property derby.env.classes.jdbcJ8 in jar:file:/home/villan/libs/derby.jar!/org/apache/derby/modules.properties
Sat Nov 12 19:00:06 IST 2016 Thread[JavaFX Application Thread,5,main] Ignored duplicate property derby.env.classes.cryptographyJ2 in jar:file:/home/villan/libs/derby.jar!/org/apache/derby/modules.properties
Sat Nov 12 19:00:06 IST 2016 Thread[JavaFX Application Thread,5,main] Ignored duplicate property derby.env.classes.jdbcJ6 in jar:file:/home/villan/libs/derby.jar!/org/apache/derby/modules.properties
Sat Nov 12 19:00:06 IST 2016 Thread[JavaFX Application Thread,5,main] Ignored duplicate property derby.env.classes.rawStore.data.genericJ4 in jar:file:/home/villan/libs/derby.jar!/org/apache/derby/modules.properties
Sat Nov 12 19:00:06 IST 2016 Thread[JavaFX Application Thread,5,main] Ignored duplicate property derby.env.jdk.jdbcJ8 in jar:file:/home/villan/libs/derby.jar!/org/apache/derby/modules.properties
Sat Nov 12 19:00:06 IST 2016 Thread[JavaFX Application Thread,5,main] Ignored duplicate property derby.env.jdk.lockManagerJ6 in jar:file:/home/villan/libs/derby.jar!/org/apache/derby/modules.properties
Sat Nov 12 19:00:06 IST 2016 Thread[JavaFX Application Thread,5,main] Ignored duplicate property derby.module.cryptographyJ2 in jar:file:/home/villan/libs/derby.jar!/org/apache/derby/modules.properties
Sat Nov 12 19:00:06 IST 2016 Thread[JavaFX Application Thread,5,main] Ignored duplicate property derby.env.jdk.jdbcJ6 in jar:file:/home/villan/libs/derby.jar!/org/apache/derby/modules.properties
Sat Nov 12 19:00:06 IST 2016 Thread[JavaFX Application Thread,5,main] Ignored duplicate property derby.module.specificAuthentication in jar:file:/home/villan/libs/derby.jar!/org/apache/derby/modules.properties
Sat Nov 12 19:00:06 IST 2016 Thread[JavaFX Application Thread,5,main] Ignored duplicate property derby.module.mgmt.jmx in jar:file:/home/villan/libs/derby.jar!/org/apache/derby/modules.properties
Sat Nov 12 19:00:06 IST 2016 Thread[JavaFX Application Thread,5,main] Ignored duplicate property derby.module.netServer.autoStart in jar:file:/home/villan/libs/derby.jar!/org/apache/derby/modules.properties
Sat Nov 12 19:00:06 IST 2016 Thread[JavaFX Application Thread,5,main] Ignored duplicate property derby.module.access.uniquewithduplicatenullssort in jar:file:/home/villan/libs/derby.jar!/org/apache/derby/modules.properties
Sat Nov 12 19:00:06 IST 2016 Thread[JavaFX Application Thread,5,main] Ignored duplicate property derby.module.classManagerJ2 in jar:file:/home/villan/libs/derby.jar!/org/apache/derby/modules.properties
Sat Nov 12 19:00:06 IST 2016 Thread[JavaFX Application Thread,5,main] Ignored duplicate property derby.module.JNDIAuthentication in jar:file:/home/villan/libs/derby.jar!/org/apache/derby/modules.properties
Sat Nov 12 19:00:06 IST 2016 Thread[JavaFX Application Thread,5,main] Ignored duplicate property derby.module.rawStore.log in jar:file:/home/villan/libs/derby.jar!/org/apache/derby/modules.properties
Sat Nov 12 19:00:06 IST 2016 Thread[JavaFX Application Thread,5,main] Ignored duplicate property derby.module.access.heap in jar:file:/home/villan/libs/derby.jar!/org/apache/derby/modules.properties
Sat Nov 12 19:00:06 IST 2016 Thread[JavaFX Application Thread,5,main] Ignored duplicate property derby.module.database.slave in jar:file:/home/villan/libs/derby.jar!/org/apache/derby/modules.properties
Sat Nov 12 19:00:06 IST 2016 Thread[JavaFX Application Thread,5,main] Ignored duplicate property derby.env.jdk.resourceAdapterJ2 in jar:file:/home/villan/libs/derby.jar!/org/apache/derby/modules.properties
Sat Nov 12 19:00:06 IST 2016 Thread[JavaFX Application Thread,5,main] Ignored duplicate property derby.module.mgmt.null in jar:file:/home/villan/libs/derby.jar!/org/apache/derby/modules.properties
Sat Nov 12 19:00:06 IST 2016 Thread[JavaFX Application Thread,5,main] Ignored duplicate property derby.env.classes.resourceAdapterJ2 in jar:file:/home/villan/libs/derby.jar!/org/apache/derby/modules.properties
Sat Nov 12 19:00:06 IST 2016 Thread[JavaFX Application Thread,5,main] Ignored duplicate property derby.module.access in jar:file:/home/villan/libs/derby.jar!/org/apache/derby/modules.properties
Sat Nov 12 19:00:06 IST 2016 Thread[JavaFX Application Thread,5,main] Ignored duplicate property derby.module.replication.slave in jar:file:/home/villan/libs/derby.jar!/org/apache/derby/modules.properties
Sat Nov 12 19:00:06 IST 2016 Thread[JavaFX Application Thread,5,main] Ignored duplicate property derby.module.lf in jar:file:/home/villan/libs/derby.jar!/org/apache/derby/modules.properties
Sat Nov 12 19:00:06 IST 2016 Thread[JavaFX Application Thread,5,main] Ignored duplicate property derby.module.uuidJ1 in jar:file:/home/villan/libs/derby.jar!/org/apache/derby/modules.properties
Sat Nov 12 19:00:06 IST 2016 Thread[JavaFX Application Thread,5,main] Ignored duplicate property derby.module.access.btree in jar:file:/home/villan/libs/derby.jar!/org/apache/derby/modules.properties
Sat Nov 12 19:00:06 IST 2016 Thread[JavaFX Application Thread,5,main] Ignored duplicate property derby.module.rawStore in jar:file:/home/villan/libs/derby.jar!/org/apache/derby/modules.properties
----------------------------------------------------------------
Sat Nov 12 19:00:06 IST 2016:
Booting Derby version The Apache Software Foundation - Apache Derby - 10.12.1.1 - (1704137): instance a816c00e-0158-58bb-16cc-000005e3d8e8 
on database directory /home/villan/Library Assistant/database with class loader sun.misc.Launcher$AppClassLoader@5c647e05 
Loaded from file:/home/villan/Library%20Assistant/dist/lib/derby.jar
java.vendor=Oracle Corporation
java.runtime.version=1.8.0_102-b14
user.dir=/home/villan/Library Assistant
os.name=Linux
os.arch=amd64
os.version=4.4.0-21-generic
derby.system.home=null
Database Class Loader started - derby.database.classpath=''
